[10-Jun-2020 08:12:46] NOTICE: fpm is running, pid 4650
[10-Jun-2020 08:12:46] NOTICE: ready to handle connections
[10-Jun-2020 19:34:50] NOTICE: Terminating ...
[10-Jun-2020 19:34:51] NOTICE: Terminating ...
[10-Jun-2020 19:34:51] NOTICE: exiting, bye-bye!
[10-Jun-2020 23:48:56] NOTICE: fpm is running, pid 1549
[10-Jun-2020 23:48:56] NOTICE: ready to handle connections
[12-Jun-2020 13:52:58] NOTICE: fpm is running, pid 49732
[12-Jun-2020 13:52:58] NOTICE: ready to handle connections
[12-Jun-2020 19:09:08] NOTICE: Terminating ...
[12-Jun-2020 19:09:08] NOTICE: Terminating ...
[12-Jun-2020 19:09:08] NOTICE: exiting, bye-bye!
[12-Jun-2020 22:33:59] NOTICE: fpm is running, pid 4896
[12-Jun-2020 22:33:59] NOTICE: ready to handle connections
[21-Jun-2020 20:39:33] NOTICE: fpm is running, pid 1400
[21-Jun-2020 20:39:33] NOTICE: ready to handle connections
[22-Jun-2020 18:10:17] NOTICE: fpm is running, pid 1355
[22-Jun-2020 18:10:17] NOTICE: ready to handle connections
[24-Jun-2020 13:47:10] WARNING: [pool www] child 1363 said into stderr: "sh: gs: command not found"
[05-Jul-2020 15:47:04] NOTICE: Terminating ...
[05-Jul-2020 15:47:05] NOTICE: Terminating ...
[05-Jul-2020 15:47:05] NOTICE: exiting, bye-bye!
[05-Jul-2020 15:50:10] NOTICE: fpm is running, pid 27285
[05-Jul-2020 15:50:10] NOTICE: ready to handle connections
[09-Jul-2020 17:27:45] NOTICE: Terminating ...
[09-Jul-2020 17:27:45] NOTICE: Terminating ...
[09-Jul-2020 17:27:45] NOTICE: exiting, bye-bye!
[09-Jul-2020 17:28:06] NOTICE: fpm is running, pid 68554
[09-Jul-2020 17:28:06] NOTICE: ready to handle connections
[10-Jul-2020 18:35:17] NOTICE: Terminating ...
[10-Jul-2020 18:35:17] NOTICE: Terminating ...
[10-Jul-2020 18:35:17] NOTICE: exiting, bye-bye!
[10-Jul-2020 18:51:00] NOTICE: fpm is running, pid 1337
[10-Jul-2020 18:51:00] NOTICE: ready to handle connections
[10-Jul-2020 23:05:17] NOTICE: Terminating ...
[10-Jul-2020 23:05:17] NOTICE: Terminating ...
[10-Jul-2020 23:05:17] NOTICE: exiting, bye-bye!
[10-Jul-2020 23:05:22] NOTICE: fpm is running, pid 6313
[10-Jul-2020 23:05:22] NOTICE: ready to handle connections
[16-Jul-2020 07:44:46] NOTICE: Terminating ...
[16-Jul-2020 07:44:47] NOTICE: Terminating ...
[16-Jul-2020 07:44:47] NOTICE: exiting, bye-bye!
[16-Jul-2020 07:49:52] NOTICE: fpm is running, pid 8779
[16-Jul-2020 07:49:52] NOTICE: ready to handle connections
[16-Jul-2020 07:50:35] NOTICE: Terminating ...
[16-Jul-2020 07:50:35] NOTICE: Terminating ...
[16-Jul-2020 07:50:35] NOTICE: exiting, bye-bye!
[16-Jul-2020 07:50:50] NOTICE: fpm is running, pid 8877
[16-Jul-2020 07:50:50] NOTICE: ready to handle connections
[16-Jul-2020 08:00:48] NOTICE: Terminating ...
[16-Jul-2020 08:00:49] NOTICE: Terminating ...
[16-Jul-2020 08:00:49] NOTICE: exiting, bye-bye!
[16-Jul-2020 08:36:38] NOTICE: fpm is running, pid 9559
[16-Jul-2020 08:36:38] NOTICE: ready to handle connections
[16-Jul-2020 08:36:52] NOTICE: Terminating ...
[16-Jul-2020 08:36:52] NOTICE: Terminating ...
[16-Jul-2020 08:36:52] NOTICE: exiting, bye-bye!
[16-Jul-2020 08:36:54] NOTICE: fpm is running, pid 9599
[16-Jul-2020 08:36:54] NOTICE: ready to handle connections
[16-Jul-2020 08:45:49] NOTICE: Terminating ...
[16-Jul-2020 08:45:49] NOTICE: Terminating ...
[16-Jul-2020 08:45:49] NOTICE: exiting, bye-bye!
[16-Jul-2020 08:45:59] NOTICE: fpm is running, pid 9791
[16-Jul-2020 08:45:59] NOTICE: ready to handle connections
[16-Jul-2020 08:46:15] NOTICE: Terminating ...
[16-Jul-2020 08:46:15] NOTICE: Terminating ...
[16-Jul-2020 08:46:15] NOTICE: exiting, bye-bye!
[16-Jul-2020 08:46:26] NOTICE: fpm is running, pid 9955
[16-Jul-2020 08:46:26] NOTICE: ready to handle connections
[16-Jul-2020 08:46:28] NOTICE: Terminating ...
[16-Jul-2020 08:46:28] NOTICE: Terminating ...
[16-Jul-2020 08:46:28] NOTICE: exiting, bye-bye!
[16-Jul-2020 08:47:58] NOTICE: fpm is running, pid 10037
[16-Jul-2020 08:47:58] NOTICE: ready to handle connections
[18-Jul-2020 17:40:01] NOTICE: Terminating ...
[18-Jul-2020 17:40:01] NOTICE: Terminating ...
[18-Jul-2020 17:40:01] NOTICE: exiting, bye-bye!
[18-Jul-2020 18:41:19] NOTICE: fpm is running, pid 1758
[18-Jul-2020 18:41:19] NOTICE: ready to handle connections
[18-Jul-2020 18:41:41] NOTICE: Terminating ...
[18-Jul-2020 18:41:41] NOTICE: Terminating ...
[18-Jul-2020 18:41:41] NOTICE: exiting, bye-bye!
[18-Jul-2020 18:41:50] NOTICE: fpm is running, pid 1835
[18-Jul-2020 18:41:50] NOTICE: ready to handle connections
[18-Jul-2020 19:25:20] NOTICE: Terminating ...
[18-Jul-2020 19:25:21] NOTICE: Terminating ...
[18-Jul-2020 19:25:21] NOTICE: exiting, bye-bye!
[18-Jul-2020 19:25:26] NOTICE: fpm is running, pid 2619
[18-Jul-2020 19:25:26] NOTICE: ready to handle connections
[18-Jul-2020 19:34:12] NOTICE: Terminating ...
[18-Jul-2020 19:34:12] NOTICE: Terminating ...
[18-Jul-2020 19:34:12] NOTICE: exiting, bye-bye!
[18-Jul-2020 19:35:49] NOTICE: fpm is running, pid 2886
[18-Jul-2020 19:35:49] NOTICE: ready to handle connections
[18-Jul-2020 19:36:11] NOTICE: Terminating ...
[18-Jul-2020 19:36:11] NOTICE: Terminating ...
[18-Jul-2020 19:36:11] NOTICE: exiting, bye-bye!
[18-Jul-2020 19:38:48] NOTICE: fpm is running, pid 1176
[18-Jul-2020 19:38:48] NOTICE: ready to handle connections
[18-Jul-2020 19:39:13] NOTICE: Terminating ...
[18-Jul-2020 19:39:13] NOTICE: Terminating ...
[18-Jul-2020 19:39:13] NOTICE: exiting, bye-bye!
[18-Jul-2020 19:39:43] NOTICE: fpm is running, pid 1300
[18-Jul-2020 19:39:43] NOTICE: ready to handle connections
